<?xml version="1.0" encoding="UTF-8"?>
<!-- Generated by org.testng.reporters.JUnitXMLReporter -->
<testsuite ignored="0" hostname="LAPTOP-8ML52989" failures="1" tests="6" name="Test" time="175.217" errors="0" timestamp="2022-07-20T19:42:44 IST">
  <testcase classname="academy.PageLogo" name="validatePageLogo" time="0.202"/>
  <testcase classname="academy.HomePage" name="openHomePage" time="0.799"/>
  <testcase classname="academy.HomePage" name="openHomePage" time="0.954"/>
  <testcase classname="academy.HomePage" name="openHomePage" time="0.776"/>
  <testcase classname="academy.HomePage" name="validatePageLogo" time="0.113"/>
  <testcase classname="academy.HomePage" name="validatePageLogoFailed" time="0.124">
    <failure type="java.lang.AssertionError" message="expected [false] but found [true]">
      <![CDATA[java.lang.AssertionError: expected [false] but found [true]
at academy.HomePage.validatePageLogoFailed(HomePage.java:80)
at java.base/java.util.concurrent.ThreadPoolExecutor.runWorker(ThreadPoolExecutor.java:1136)
at java.base/java.util.concurrent.ThreadPoolExecutor$Worker.run(ThreadPoolExecutor.java:635)
at java.base/java.lang.Thread.run(Thread.java:833)
... Removed 16 stack frames]]>
    </failure>
  </testcase> <!-- validatePageLogoFailed -->
</testsuite> <!-- Test -->
