<?xml version="1.0" encoding="UTF-8"?>
<testng-results total="6" passed="5" failed="1" skipped="0">
  <reporter-output>
  </reporter-output>
  <suite started-at="2022-07-20T14:18:52Z" name="Suite" finished-at="2022-07-20T14:20:32Z" duration-ms="99993">
    <groups>
    </groups>
    <test started-at="2022-07-20T14:18:52Z" name="Test" finished-at="2022-07-20T14:20:32Z" duration-ms="99993">
      <class name="academy.PageLogo">
        <test-method is-config="true" signature="initialize()[pri:0, instance:academy.PageLogo@4d9d1b69]" started-at="2022-07-20T19:48:52Z" name="initialize" finished-at="2022-07-20T19:49:27Z" duration-ms="35694" status="PASS">
          <reporter-output>
          </reporter-output>
        </test-method> <!-- initialize -->
        <test-method signature="validatePageLogo()[pri:0, instance:academy.PageLogo@4d9d1b69]" started-at="2022-07-20T19:49:27Z" name="validatePageLogo" finished-at="2022-07-20T19:49:27Z" duration-ms="170" status="PASS">
          <reporter-output>
          </reporter-output>
        </test-method> <!-- validatePageLogo -->
        <test-method is-config="true" signature="closeBrowser()[pri:0, instance:academy.PageLogo@4d9d1b69]" started-at="2022-07-20T19:49:27Z" name="closeBrowser" finished-at="2022-07-20T19:49:27Z" duration-ms="77" status="PASS">
          <reporter-output>
          </reporter-output>
        </test-method> <!-- closeBrowser -->
      </class> <!-- academy.PageLogo -->
      <class name="academy.HomePage">
        <test-method is-config="true" signature="initialize()[pri:0, instance:academy.HomePage@36ac8a63]" started-at="2022-07-20T19:48:52Z" name="initialize" finished-at="2022-07-20T19:49:12Z" duration-ms="20465" status="PASS">
          <reporter-output>
          </reporter-output>
        </test-method> <!-- initialize -->
        <test-method signature="openHomePage(java.lang.String, java.lang.String)[pri:0, instance:academy.HomePage@36ac8a63]" started-at="2022-07-20T19:49:12Z" name="openHomePage" data-provider="getData" finished-at="2022-07-20T19:49:13Z" duration-ms="799" status="PASS">
          <params>
            <param index="0">
              <value>
                <![CDATA[Mohit]]>
              </value>
            </param>
            <param index="1">
              <value>
                <![CDATA[Schw@b3112]]>
              </value>
            </param>
          </params>
          <reporter-output>
          </reporter-output>
        </test-method> <!-- openHomePage -->
        <test-method is-config="true" signature="closeBrowser()[pri:0, instance:academy.HomePage@36ac8a63]" started-at="2022-07-20T19:49:13Z" name="closeBrowser" finished-at="2022-07-20T19:49:13Z" duration-ms="70" status="PASS">
          <reporter-output>
          </reporter-output>
        </test-method> <!-- closeBrowser -->
        <test-method is-config="true" signature="initialize()[pri:0, instance:academy.HomePage@36ac8a63]" started-at="2022-07-20T19:49:13Z" name="initialize" finished-at="2022-07-20T19:49:32Z" duration-ms="18922" status="PASS">
          <reporter-output>
          </reporter-output>
        </test-method> <!-- initialize -->
        <test-method signature="openHomePage(java.lang.String, java.lang.String)[pri:0, instance:academy.HomePage@36ac8a63]" started-at="2022-07-20T19:49:32Z" name="openHomePage" data-provider="getData" finished-at="2022-07-20T19:49:33Z" duration-ms="735" status="PASS">
          <params>
            <param index="0">
              <value>
                <![CDATA[Vinay]]>
              </value>
            </param>
            <param index="1">
              <value>
                <![CDATA[Schw@b3112]]>
              </value>
            </param>
          </params>
          <reporter-output>
          </reporter-output>
        </test-method> <!-- openHomePage -->
        <test-method is-config="true" signature="closeBrowser()[pri:0, instance:academy.HomePage@36ac8a63]" started-at="2022-07-20T19:49:33Z" name="closeBrowser" finished-at="2022-07-20T19:49:33Z" duration-ms="147" status="PASS">
          <reporter-output>
          </reporter-output>
        </test-method> <!-- closeBrowser -->
        <test-method is-config="true" signature="initialize()[pri:0, instance:academy.HomePage@36ac8a63]" started-at="2022-07-20T19:49:33Z" name="initialize" finished-at="2022-07-20T19:49:52Z" duration-ms="19123" status="PASS">
          <reporter-output>
          </reporter-output>
        </test-method> <!-- initialize -->
        <test-method signature="openHomePage(java.lang.String, java.lang.String)[pri:0, instance:academy.HomePage@36ac8a63]" started-at="2022-07-20T19:49:52Z" name="openHomePage" data-provider="getData" finished-at="2022-07-20T19:49:53Z" duration-ms="886" status="PASS">
          <params>
            <param index="0">
              <value>
                <![CDATA[Jatin]]>
              </value>
            </param>
            <param index="1">
              <value>
                <![CDATA[Schw@b3112]]>
              </value>
            </param>
          </params>
          <reporter-output>
          </reporter-output>
        </test-method> <!-- openHomePage -->
        <test-method is-config="true" signature="closeBrowser()[pri:0, instance:academy.HomePage@36ac8a63]" started-at="2022-07-20T19:49:53Z" name="closeBrowser" finished-at="2022-07-20T19:49:53Z" duration-ms="53" status="PASS">
          <reporter-output>
          </reporter-output>
        </test-method> <!-- closeBrowser -->
        <test-method is-config="true" signature="initialize()[pri:0, instance:academy.HomePage@36ac8a63]" started-at="2022-07-20T19:49:53Z" name="initialize" finished-at="2022-07-20T19:50:12Z" duration-ms="18992" status="PASS">
          <reporter-output>
          </reporter-output>
        </test-method> <!-- initialize -->
        <test-method signature="validatePageLogo()[pri:0, instance:academy.HomePage@36ac8a63]" started-at="2022-07-20T19:50:12Z" name="validatePageLogo" finished-at="2022-07-20T19:50:12Z" duration-ms="147" status="PASS">
          <reporter-output>
          </reporter-output>
        </test-method> <!-- validatePageLogo -->
        <test-method is-config="true" signature="closeBrowser()[pri:0, instance:academy.HomePage@36ac8a63]" started-at="2022-07-20T19:50:12Z" name="closeBrowser" finished-at="2022-07-20T19:50:12Z" duration-ms="67" status="PASS">
          <reporter-output>
          </reporter-output>
        </test-method> <!-- closeBrowser -->
        <test-method is-config="true" signature="initialize()[pri:0, instance:academy.HomePage@36ac8a63]" started-at="2022-07-20T19:50:12Z" name="initialize" finished-at="2022-07-20T19:50:31Z" duration-ms="18728" status="PASS">
          <reporter-output>
          </reporter-output>
        </test-method> <!-- initialize -->
        <test-method signature="validatePageLogoFailed()[pri:0, instance:academy.HomePage@36ac8a63]" started-at="2022-07-20T19:50:31Z" name="validatePageLogoFailed" finished-at="2022-07-20T19:50:31Z" duration-ms="181" status="FAIL">
          <exception class="java.lang.AssertionError">
            <message>
              <![CDATA[expected [false] but found [true]]]>
            </message>
            <full-stacktrace>
              <![CDATA[java.lang.AssertionError: expected [false] but found [true]
	at org.testng.Assert.fail(Assert.java:94)
	at org.testng.Assert.failNotEquals(Assert.java:496)
	at org.testng.Assert.assertFalse(Assert.java:63)
	at org.testng.Assert.assertFalse(Assert.java:73)
	at academy.HomePage.validatePageLogoFailed(HomePage.java:80)
	at java.base/jdk.internal.reflect.NativeMethodAccessorImpl.invoke0(Native Method)
	at java.base/jdk.internal.reflect.NativeMethodAccessorImpl.invoke(NativeMethodAccessorImpl.java:62)
	at java.base/jdk.internal.reflect.DelegatingMethodAccessorImpl.invoke(DelegatingMethodAccessorImpl.java:43)
	at java.base/java.lang.reflect.Method.invoke(Method.java:564)
	at org.testng.internal.MethodInvocationHelper.invokeMethod(MethodInvocationHelper.java:85)
	at org.testng.internal.Invoker.invokeMethod(Invoker.java:639)
	at org.testng.internal.Invoker.invokeTestMethod(Invoker.java:816)
	at org.testng.internal.Invoker.invokeTestMethods(Invoker.java:1124)
	at org.testng.internal.TestMethodWorker.invokeTestMethods(TestMethodWorker.java:125)
	at org.testng.internal.TestMethodWorker.run(TestMethodWorker.java:108)
	at java.base/java.util.concurrent.ThreadPoolExecutor.runWorker(ThreadPoolExecutor.java:1167)
	at java.base/java.util.concurrent.ThreadPoolExecutor$Worker.run(ThreadPoolExecutor.java:641)
	at java.base/java.lang.Thread.run(Thread.java:844)
]]>
            </full-stacktrace>
          </exception> <!-- java.lang.AssertionError -->
          <reporter-output>
          </reporter-output>
        </test-method> <!-- validatePageLogoFailed -->
        <test-method is-config="true" signature="closeBrowser()[pri:0, instance:academy.HomePage@36ac8a63]" started-at="2022-07-20T19:50:31Z" name="closeBrowser" finished-at="2022-07-20T19:50:32Z" duration-ms="65" status="PASS">
          <reporter-output>
          </reporter-output>
        </test-method> <!-- closeBrowser -->
      </class> <!-- academy.HomePage -->
    </test> <!-- Test -->
  </suite> <!-- Suite -->
</testng-results>
