<?xml version="1.0" encoding="UTF-8"?>
<testng-results ignored="0" total="6" passed="5" failed="1" skipped="0">
  <reporter-output>
  </reporter-output>
  <suite started-at="2022-07-20T19:39:49 IST" name="Suite" finished-at="2022-07-20T19:42:44 IST" duration-ms="175217">
    <groups>
    </groups>
    <test started-at="2022-07-20T19:39:49 IST" name="Test" finished-at="2022-07-20T19:42:44 IST" duration-ms="175217">
      <class name="academy.PageLogo">
        <test-method is-config="true" signature="initialize()[pri:0, instance:academy.PageLogo@61d9efe0]" started-at="2022-07-20T19:39:49 IST" name="initialize" finished-at="2022-07-20T19:40:10 IST" duration-ms="20965" status="PASS">
          <reporter-output>
          </reporter-output>
        </test-method> <!-- initialize -->
        <test-method signature="validatePageLogo()[pri:0, instance:academy.PageLogo@61d9efe0]" started-at="2022-07-20T19:40:10 IST" name="validatePageLogo" finished-at="2022-07-20T19:40:10 IST" duration-ms="202" status="PASS">
          <reporter-output>
          </reporter-output>
        </test-method> <!-- validatePageLogo -->
        <test-method is-config="true" signature="closeBrowser()[pri:0, instance:academy.PageLogo@61d9efe0]" started-at="2022-07-20T19:40:10 IST" name="closeBrowser" finished-at="2022-07-20T19:40:10 IST" duration-ms="72" status="PASS">
          <reporter-output>
          </reporter-output>
        </test-method> <!-- closeBrowser -->
      </class> <!-- academy.PageLogo -->
      <class name="academy.HomePage">
        <test-method is-config="true" signature="initialize()[pri:0, instance:academy.HomePage@759fad4]" started-at="2022-07-20T19:39:49 IST" name="initialize" finished-at="2022-07-20T19:40:11 IST" duration-ms="21490" status="PASS">
          <reporter-output>
          </reporter-output>
        </test-method> <!-- initialize -->
        <test-method signature="openHomePage(java.lang.String,java.lang.String)[pri:0, instance:academy.HomePage@759fad4]" started-at="2022-07-20T19:40:11 IST" name="openHomePage" data-provider="getData" finished-at="2022-07-20T19:40:11 IST" duration-ms="799" status="PASS">
          <params>
            <param index="0">
              <value>
                <![CDATA[Mohit]]>
              </value>
            </param>
            <param index="1">
              <value>
                <![CDATA[Schw@b3112]]>
              </value>
            </param>
          </params>
          <reporter-output>
          </reporter-output>
        </test-method> <!-- openHomePage -->
        <test-method is-config="true" signature="closeBrowser()[pri:0, instance:academy.HomePage@759fad4]" started-at="2022-07-20T19:40:11 IST" name="closeBrowser" finished-at="2022-07-20T19:40:11 IST" duration-ms="64" status="PASS">
          <reporter-output>
          </reporter-output>
        </test-method> <!-- closeBrowser -->
        <test-method is-config="true" signature="initialize()[pri:0, instance:academy.HomePage@759fad4]" started-at="2022-07-20T19:40:11 IST" name="initialize" finished-at="2022-07-20T19:40:31 IST" duration-ms="19650" status="PASS">
          <reporter-output>
          </reporter-output>
        </test-method> <!-- initialize -->
        <test-method signature="openHomePage(java.lang.String,java.lang.String)[pri:0, instance:academy.HomePage@759fad4]" started-at="2022-07-20T19:40:31 IST" name="openHomePage" data-provider="getData" finished-at="2022-07-20T19:40:32 IST" duration-ms="954" status="PASS">
          <params>
            <param index="0">
              <value>
                <![CDATA[Vinay]]>
              </value>
            </param>
            <param index="1">
              <value>
                <![CDATA[Schw@b3112]]>
              </value>
            </param>
          </params>
          <reporter-output>
          </reporter-output>
        </test-method> <!-- openHomePage -->
        <test-method is-config="true" signature="closeBrowser()[pri:0, instance:academy.HomePage@759fad4]" started-at="2022-07-20T19:40:32 IST" name="closeBrowser" finished-at="2022-07-20T19:40:32 IST" duration-ms="61" status="PASS">
          <reporter-output>
          </reporter-output>
        </test-method> <!-- closeBrowser -->
        <test-method is-config="true" signature="initialize()[pri:0, instance:academy.HomePage@759fad4]" started-at="2022-07-20T19:40:32 IST" name="initialize" finished-at="2022-07-20T19:40:51 IST" duration-ms="19350" status="PASS">
          <reporter-output>
          </reporter-output>
        </test-method> <!-- initialize -->
        <test-method signature="openHomePage(java.lang.String,java.lang.String)[pri:0, instance:academy.HomePage@759fad4]" started-at="2022-07-20T19:40:51 IST" name="openHomePage" data-provider="getData" finished-at="2022-07-20T19:40:52 IST" duration-ms="776" status="PASS">
          <params>
            <param index="0">
              <value>
                <![CDATA[Jatin]]>
              </value>
            </param>
            <param index="1">
              <value>
                <![CDATA[Schw@b3112]]>
              </value>
            </param>
          </params>
          <reporter-output>
          </reporter-output>
        </test-method> <!-- openHomePage -->
        <test-method is-config="true" signature="closeBrowser()[pri:0, instance:academy.HomePage@759fad4]" started-at="2022-07-20T19:40:52 IST" name="closeBrowser" finished-at="2022-07-20T19:40:52 IST" duration-ms="50" status="PASS">
          <reporter-output>
          </reporter-output>
        </test-method> <!-- closeBrowser -->
        <test-method is-config="true" signature="initialize()[pri:0, instance:academy.HomePage@759fad4]" started-at="2022-07-20T19:40:52 IST" name="initialize" finished-at="2022-07-20T19:41:11 IST" duration-ms="19044" status="PASS">
          <reporter-output>
          </reporter-output>
        </test-method> <!-- initialize -->
        <test-method signature="validatePageLogo()[pri:0, instance:academy.HomePage@759fad4]" started-at="2022-07-20T19:41:11 IST" name="validatePageLogo" finished-at="2022-07-20T19:41:11 IST" duration-ms="113" status="PASS">
          <reporter-output>
          </reporter-output>
        </test-method> <!-- validatePageLogo -->
        <test-method is-config="true" signature="closeBrowser()[pri:0, instance:academy.HomePage@759fad4]" started-at="2022-07-20T19:41:11 IST" name="closeBrowser" finished-at="2022-07-20T19:41:12 IST" duration-ms="62" status="PASS">
          <reporter-output>
          </reporter-output>
        </test-method> <!-- closeBrowser -->
        <test-method is-config="true" signature="initialize()[pri:0, instance:academy.HomePage@759fad4]" started-at="2022-07-20T19:41:12 IST" name="initialize" finished-at="2022-07-20T19:42:44 IST" duration-ms="92167" status="PASS">
          <reporter-output>
          </reporter-output>
        </test-method> <!-- initialize -->
        <test-method signature="validatePageLogoFailed()[pri:0, instance:academy.HomePage@759fad4]" started-at="2022-07-20T19:42:44 IST" name="validatePageLogoFailed" finished-at="2022-07-20T19:42:44 IST" duration-ms="124" status="FAIL">
          <exception class="java.lang.AssertionError">
            <message>
              <![CDATA[expected [false] but found [true]]]>
            </message>
            <full-stacktrace>
              <![CDATA[java.lang.AssertionError: expected [false] but found [true]
at org.testng.Assert.fail(Assert.java:99)
at org.testng.Assert.failNotEquals(Assert.java:1037)
at org.testng.Assert.assertFalse(Assert.java:67)
at org.testng.Assert.assertFalse(Assert.java:77)
at academy.HomePage.validatePageLogoFailed(HomePage.java:80)
at java.base/jdk.internal.reflect.NativeMethodAccessorImpl.invoke0(Native Method)
at java.base/jdk.internal.reflect.NativeMethodAccessorImpl.invoke(NativeMethodAccessorImpl.java:77)
at java.base/jdk.internal.reflect.DelegatingMethodAccessorImpl.invoke(DelegatingMethodAccessorImpl.java:43)
at java.base/java.lang.reflect.Method.invoke(Method.java:568)
at org.testng.internal.MethodInvocationHelper.invokeMethod(MethodInvocationHelper.java:133)
at org.testng.internal.TestInvoker.invokeMethod(TestInvoker.java:598)
at org.testng.internal.TestInvoker.invokeTestMethod(TestInvoker.java:173)
at org.testng.internal.MethodRunner.runInSequence(MethodRunner.java:46)
at org.testng.internal.TestInvoker$MethodInvocationAgent.invoke(TestInvoker.java:824)
at org.testng.internal.TestInvoker.invokeTestMethods(TestInvoker.java:146)
at org.testng.internal.TestMethodWorker.invokeTestMethods(TestMethodWorker.java:146)
at org.testng.internal.TestMethodWorker.run(TestMethodWorker.java:128)
at java.base/java.util.concurrent.ThreadPoolExecutor.runWorker(ThreadPoolExecutor.java:1136)
at java.base/java.util.concurrent.ThreadPoolExecutor$Worker.run(ThreadPoolExecutor.java:635)
at java.base/java.lang.Thread.run(Thread.java:833)
]]>
            </full-stacktrace>
          </exception> <!-- java.lang.AssertionError -->
          <reporter-output>
          </reporter-output>
        </test-method> <!-- validatePageLogoFailed -->
        <test-method is-config="true" signature="closeBrowser()[pri:0, instance:academy.HomePage@759fad4]" started-at="2022-07-20T19:42:44 IST" name="closeBrowser" finished-at="2022-07-20T19:42:44 IST" duration-ms="65" status="PASS">
          <reporter-output>
          </reporter-output>
        </test-method> <!-- closeBrowser -->
      </class> <!-- academy.HomePage -->
    </test> <!-- Test -->
  </suite> <!-- Suite -->
</testng-results>
